2018-07-31 13:03:43: -- 分析开始 User Command
2018-07-31 13:03:43: 左侧: State file does not exist: D:/vue-webpack/_gsdata_/_file_state_v4._gs
2018-07-31 13:03:44: 右侧: State file does not exist: gdrive://www.googleapis.com/Other/vue-webpack/_gsdata_/_file_state_v4._gs
2018-07-31 13:03:57: /dist/build.js: 冲突: 新文件有变化
2018-07-31 13:03:57: /package-lock.json: 冲突: 新文件有变化
2018-07-31 13:03:57: /package.json: 冲突: 新文件有变化
2018-07-31 13:03:57: /src/App.vue: 冲突: 新文件有变化
2018-07-31 13:03:57: /src/components/eventIndex.vue: 冲突: 新文件有变化
2018-07-31 13:03:57: /src/components/eventQuest.vue: 冲突: 新文件有变化
2018-07-31 13:03:57: /src/components/questDataList.vue: 冲突: 新文件有变化
2018-07-31 13:03:57: /src/components/questDropTable.vue: 冲突: 新文件有变化
2018-07-31 13:03:57: /src/main.js: 冲突: 新文件有变化
2018-07-31 13:03:57: /src/style/common.scss: 冲突: 新文件有变化
2018-07-31 13:03:57: /static/bgm/bgm_M101.ogg: 冲突: 新文件有变化
2018-07-31 13:03:57: /static/bgm/bgm_M118.ogg: 冲突: 新文件有变化
2018-07-31 13:03:57: /static/bgm/bgm_M36_02_division.ogg: 冲突: 新文件有变化
2018-07-31 13:03:57: /static/bgm/bgm_M42.ogg: 冲突: 新文件有变化
2018-07-31 13:03:57: /static/bgm/bgm_M42_02.ogg: 冲突: 新文件有变化
2018-07-31 13:03:57: /static/bgm/bgm_M42_03.ogg: 冲突: 新文件有变化
2018-07-31 13:03:57: /static/bgm/bgm_M42_04_NoStrings.ogg: 冲突: 新文件有变化
2018-07-31 13:03:57: /static/bgm/bgm_M58.ogg: 冲突: 新文件有变化
2018-07-31 13:03:57: /static/bgm/bgm_M61.ogg: 冲突: 新文件有变化
2018-07-31 13:03:57: /static/bgm/bgm_M61_00.ogg: 冲突: 新文件有变化
2018-07-31 13:03:57: /static/bgm/bgm_M61_02.ogg: 冲突: 新文件有变化
2018-07-31 13:03:57: /static/bgm/bgm_M61_03.ogg: 冲突: 新文件有变化
2018-07-31 13:03:57: /static/bgm/bgm_M61_04.ogg: 冲突: 新文件有变化
2018-07-31 13:03:57: /static/bgm/bgm_M62_01.ogg: 冲突: 新文件有变化
2018-07-31 13:03:57: /static/bgm/bgm_M62_02.ogg: 冲突: 新文件有变化
2018-07-31 13:03:57: /static/bgm/bgm_M62_03.ogg: 冲突: 新文件有变化
2018-07-31 13:03:57: /static/bgm/bgm_M93.ogg: 冲突: 新文件有变化
2018-07-31 13:03:57: /static/bgm/bgm_M94.ogg: 冲突: 新文件有变化
2018-07-31 13:03:57: /static/main.sqlite: 冲突: 新文件有变化
2018-07-31 13:03:57: /webpack.config.js: 冲突: 新文件有变化
2018-07-31 13:03:57: 分析完毕并发现冲突情况。请选择正确的同步方向解决冲突，然后单击同步
2018-07-31 13:03:57: 变更：3,956， 冲突：30， 复制时间：， 复制状态：5,059， 错误： , All: 9018
2018-07-31 13:03:57: Left to Right: Copy File: 3636 
2018-07-31 13:03:57: Right to Left: Copy File: 290 
2018-07-31 13:03:57: -- 分析已结束。历时 00:00:32, 速度： 237 文件/秒
2018-07-31 13:03:57: 
2018-07-31 13:05:11: == 同步开始由 User Command
2018-07-31 13:05:17: 创建文件夹 'D:/vue-webpack/static/csv'
2018-07-31 13:05:18: 创建文件夹 'gdrive://www.googleapis.com/Other/vue-webpack/static/img/icondungeon'
2018-07-31 13:05:18: 创建文件夹 'D:/vue-webpack/static/json'
2018-07-31 13:05:19: 创建文件夹 'gdrive://www.googleapis.com/Other/vue-webpack/static/spine'
2018-07-31 13:05:21: 创建文件夹 'gdrive://www.googleapis.com/Other/vue-webpack/static/tt'
2018-07-31 13:05:22: 创建文件夹 'gdrive://www.googleapis.com/Other/vue-webpack/static/voice'
2018-07-31 13:05:24: 创建文件夹 'gdrive://www.googleapis.com/Other/vue-webpack/static/voice/1001'
2018-07-31 13:05:25: 创建文件夹 'gdrive://www.googleapis.com/Other/vue-webpack/static/voice/1002'
2018-07-31 13:05:27: 创建文件夹 'gdrive://www.googleapis.com/Other/vue-webpack/static/voice/1003'
2018-07-31 13:05:29: 创建文件夹 'gdrive://www.googleapis.com/Other/vue-webpack/static/voice/1004'
2018-07-31 13:05:33: 创建文件夹 'gdrive://www.googleapis.com/Other/vue-webpack/static/voice/1006'
2018-07-31 13:05:34: 创建文件夹 'gdrive://www.googleapis.com/Other/vue-webpack/static/voice/1007'
2018-07-31 13:05:35: 创建文件夹 'gdrive://www.googleapis.com/Other/vue-webpack/static/voice/1008'
2018-07-31 13:05:36: 创建文件夹 'gdrive://www.googleapis.com/Other/vue-webpack/static/voice/1009'
2018-07-31 13:05:38: 创建文件夹 'gdrive://www.googleapis.com/Other/vue-webpack/static/voice/1010'
2018-07-31 13:05:39: 创建文件夹 'gdrive://www.googleapis.com/Other/vue-webpack/static/voice/1011'
2018-07-31 13:05:41: 创建文件夹 'gdrive://www.googleapis.com/Other/vue-webpack/static/voice/1012'
2018-07-31 13:05:42: 创建文件夹 'gdrive://www.googleapis.com/Other/vue-webpack/static/voice/1015'
2018-07-31 13:05:45: 创建文件夹 'gdrive://www.googleapis.com/Other/vue-webpack/static/voice/1016'
2018-07-31 13:05:46: 创建文件夹 'gdrive://www.googleapis.com/Other/vue-webpack/static/voice/1017'
2018-07-31 13:05:47: 创建文件夹 'gdrive://www.googleapis.com/Other/vue-webpack/static/voice/1018'
2018-07-31 13:05:49: 创建文件夹 'gdrive://www.googleapis.com/Other/vue-webpack/static/voice/1020'
2018-07-31 13:05:50: 创建文件夹 'gdrive://www.googleapis.com/Other/vue-webpack/static/voice/1021'
2018-07-31 13:05:51: 创建文件夹 'gdrive://www.googleapis.com/Other/vue-webpack/static/voice/1022'
2018-07-31 13:05:52: 创建文件夹 'gdrive://www.googleapis.com/Other/vue-webpack/static/voice/1023'
2018-07-31 13:05:54: 创建文件夹 'gdrive://www.googleapis.com/Other/vue-webpack/static/voice/1025'
2018-07-31 13:05:55: 创建文件夹 'gdrive://www.googleapis.com/Other/vue-webpack/static/voice/1026'
2018-07-31 13:05:56: 创建文件夹 'gdrive://www.googleapis.com/Other/vue-webpack/static/voice/1027'
2018-07-31 13:05:57: 创建文件夹 'gdrive://www.googleapis.com/Other/vue-webpack/static/voice/1028'
2018-07-31 13:05:58: 创建文件夹 'gdrive://www.googleapis.com/Other/vue-webpack/static/voice/1029'
2018-07-31 13:05:59: 创建文件夹 'gdrive://www.googleapis.com/Other/vue-webpack/static/voice/1030'
2018-07-31 13:06:00: 创建文件夹 'gdrive://www.googleapis.com/Other/vue-webpack/static/voice/1031'
2018-07-31 13:06:01: 创建文件夹 'gdrive://www.googleapis.com/Other/vue-webpack/static/voice/1032'
2018-07-31 13:06:03: 创建文件夹 'gdrive://www.googleapis.com/Other/vue-webpack/static/voice/1033'
2018-07-31 13:06:04: 创建文件夹 'gdrive://www.googleapis.com/Other/vue-webpack/static/voice/1034'
2018-07-31 13:06:05: 创建文件夹 'gdrive://www.googleapis.com/Other/vue-webpack/static/voice/1036'
2018-07-31 13:06:06: 创建文件夹 'gdrive://www.googleapis.com/Other/vue-webpack/static/voice/1038'
2018-07-31 13:06:12: 创建文件夹 'gdrive://www.googleapis.com/Other/vue-webpack/static/voice/1040'
2018-07-31 13:06:13: 创建文件夹 'gdrive://www.googleapis.com/Other/vue-webpack/static/voice/1042'
2018-07-31 13:06:15: 创建文件夹 'gdrive://www.googleapis.com/Other/vue-webpack/static/voice/1043'
2018-07-31 13:06:17: 创建文件夹 'gdrive://www.googleapis.com/Other/vue-webpack/static/voice/1044'
2018-07-31 13:06:18: 创建文件夹 'gdrive://www.googleapis.com/Other/vue-webpack/static/voice/1045'
2018-07-31 13:06:19: 创建文件夹 'gdrive://www.googleapis.com/Other/vue-webpack/static/voice/1046'
2018-07-31 13:06:20: 创建文件夹 'gdrive://www.googleapis.com/Other/vue-webpack/static/voice/1047'
2018-07-31 13:06:21: 创建文件夹 'gdrive://www.googleapis.com/Other/vue-webpack/static/voice/1048'
2018-07-31 13:06:22: 创建文件夹 'gdrive://www.googleapis.com/Other/vue-webpack/static/voice/1049'
2018-07-31 13:06:23: 创建文件夹 'gdrive://www.googleapis.com/Other/vue-webpack/static/voice/1050'
2018-07-31 13:06:24: 创建文件夹 'gdrive://www.googleapis.com/Other/vue-webpack/static/voice/1051'
2018-07-31 13:06:25: 创建文件夹 'gdrive://www.googleapis.com/Other/vue-webpack/static/voice/1052'
2018-07-31 13:06:27: 创建文件夹 'gdrive://www.googleapis.com/Other/vue-webpack/static/voice/1053'
2018-07-31 13:06:28: 创建文件夹 'gdrive://www.googleapis.com/Other/vue-webpack/static/voice/1054'
2018-07-31 13:06:29: 创建文件夹 'gdrive://www.googleapis.com/Other/vue-webpack/static/voice/1057'
2018-07-31 13:06:30: 创建文件夹 'gdrive://www.googleapis.com/Other/vue-webpack/static/voice/1058'
2018-07-31 13:06:31: 创建文件夹 'gdrive://www.googleapis.com/Other/vue-webpack/static/voice/1059'
2018-07-31 13:06:33: 创建文件夹 'gdrive://www.googleapis.com/Other/vue-webpack/static/voice/1060'
2018-07-31 13:06:34: 创建文件夹 'gdrive://www.googleapis.com/Other/vue-webpack/static/voice/1063'
2018-07-31 13:06:35: 创建文件夹 'gdrive://www.googleapis.com/Other/vue-webpack/static/voice/1075'
2018-07-31 13:06:36: 创建文件夹 'gdrive://www.googleapis.com/Other/vue-webpack/static/voice/1076'
2018-07-31 13:06:37: 创建文件夹 'gdrive://www.googleapis.com/Other/vue-webpack/static/voice/1077'
2018-07-31 13:06:39: 创建文件夹 'gdrive://www.googleapis.com/Other/vue-webpack/static/voice/title'
2018-07-31 13:06:50: 覆盖复制 'D:/vue-webpack/dist/build.js' -> 'gdrive://www.googleapis.com/Other/vue-webpack/dist/build.js' (User Action)
2018-07-31 13:06:54: 覆盖复制 'D:/vue-webpack/package-lock.json' -> 'gdrive://www.googleapis.com/Other/vue-webpack/package-lock.json' (User Action)
2018-07-31 13:06:58: 覆盖复制 'D:/vue-webpack/package.json' -> 'gdrive://www.googleapis.com/Other/vue-webpack/package.json' (User Action)
2018-07-31 13:07:04: 覆盖复制 'D:/vue-webpack/src/App.vue' -> 'gdrive://www.googleapis.com/Other/vue-webpack/src/App.vue' (User Action)
2018-07-31 13:07:06: 覆盖复制 'D:/vue-webpack/src/components/eventIndex.vue' -> 'gdrive://www.googleapis.com/Other/vue-webpack/src/components/eventIndex.vue' (User Action)
- 错误: move file: lookup destination parent: item not found (2)
2018-07-31 13:07:09: 新建复制 'D:/vue-webpack/src/components/eventMainList.vue' -> 'gdrive://www.googleapis.com/Other/vue-webpack/src/components/eventMainList.vue'
2018-07-31 13:07:13: 覆盖复制 'D:/vue-webpack/src/components/eventQuest.vue' -> 'gdrive://www.googleapis.com/Other/vue-webpack/src/components/eventQuest.vue' (User Action)
2018-07-31 13:07:17: 覆盖复制 'D:/vue-webpack/src/components/questDataList.vue' -> 'gdrive://www.googleapis.com/Other/vue-webpack/src/components/questDataList.vue' (User Action)
2018-07-31 13:07:21: 覆盖复制 'D:/vue-webpack/src/components/questDropTable.vue' -> 'gdrive://www.googleapis.com/Other/vue-webpack/src/components/questDropTable.vue' (User Action)
2018-07-31 13:07:24: 覆盖复制 'D:/vue-webpack/src/main.js' -> 'gdrive://www.googleapis.com/Other/vue-webpack/src/main.js' (User Action)
2018-07-31 13:07:30: 新建复制 'D:/vue-webpack/src/spine-core.js' -> 'gdrive://www.googleapis.com/Other/vue-webpack/src/spine-core.js'
2018-07-31 13:07:33: 新建复制 'D:/vue-webpack/src/spine-webgl.js' -> 'gdrive://www.googleapis.com/Other/vue-webpack/src/spine-webgl.js'
2018-07-31 13:07:39: 新建复制 'D:/vue-webpack/src/spine-widget.js' -> 'gdrive://www.googleapis.com/Other/vue-webpack/src/spine-widget.js'
2018-07-31 13:07:45: 覆盖复制 'D:/vue-webpack/src/style/common.scss' -> 'gdrive://www.googleapis.com/Other/vue-webpack/src/style/common.scss' (User Action)
2018-07-31 13:07:48: 新建复制 'D:/vue-webpack/static/bgm/bgm_M100.ogg' -> 'gdrive://www.googleapis.com/Other/vue-webpack/static/bgm/bgm_M100.ogg'
2018-07-31 13:07:55: 新建复制 'D:/vue-webpack/static/bgm/bgm_M100_02.ogg' -> 'gdrive://www.googleapis.com/Other/vue-webpack/static/bgm/bgm_M100_02.ogg'
2018-07-31 13:07:58: 新建复制 'D:/vue-webpack/static/bgm/bgm_M100_03.ogg' -> 'gdrive://www.googleapis.com/Other/vue-webpack/static/bgm/bgm_M100_03.ogg'
2018-07-31 13:08:04: 新建复制 'D:/vue-webpack/static/bgm/bgm_M100_04.ogg' -> 'gdrive://www.googleapis.com/Other/vue-webpack/static/bgm/bgm_M100_04.ogg'
2018-07-31 13:08:08: 新建复制 'D:/vue-webpack/static/bgm/bgm_M100_05.ogg' -> 'gdrive://www.googleapis.com/Other/vue-webpack/static/bgm/bgm_M100_05.ogg'
2018-07-31 13:08:15: 覆盖复制 'D:/vue-webpack/static/bgm/bgm_M101.ogg' -> 'gdrive://www.googleapis.com/Other/vue-webpack/static/bgm/bgm_M101.ogg' (User Action)
2018-07-31 13:08:19: 新建复制 'D:/vue-webpack/static/bgm/bgm_M102.ogg' -> 'gdrive://www.googleapis.com/Other/vue-webpack/static/bgm/bgm_M102.ogg'
2018-07-31 13:08:28: 新建复制 'D:/vue-webpack/static/bgm/bgm_M103.ogg' -> 'gdrive://www.googleapis.com/Other/vue-webpack/static/bgm/bgm_M103.ogg'
2018-07-31 13:08:31: 新建复制 'D:/vue-webpack/static/bgm/bgm_M103_02.ogg' -> 'gdrive://www.googleapis.com/Other/vue-webpack/static/bgm/bgm_M103_02.ogg'
2018-07-31 13:08:34: 新建复制 'D:/vue-webpack/static/bgm/bgm_M103_03.ogg' -> 'gdrive://www.googleapis.com/Other/vue-webpack/static/bgm/bgm_M103_03.ogg'
2018-07-31 13:08:37: 新建复制 'D:/vue-webpack/static/bgm/bgm_M104.ogg' -> 'gdrive://www.googleapis.com/Other/vue-webpack/static/bgm/bgm_M104.ogg'
2018-07-31 13:08:40: 新建复制 'D:/vue-webpack/static/bgm/bgm_M105.ogg' -> 'gdrive://www.googleapis.com/Other/vue-webpack/static/bgm/bgm_M105.ogg'
2018-07-31 13:08:43: 新建复制 'D:/vue-webpack/static/bgm/bgm_M105_emt06_002.ogg' -> 'gdrive://www.googleapis.com/Other/vue-webpack/static/bgm/bgm_M105_emt06_002.ogg'
2018-07-31 13:08:45: 新建复制 'D:/vue-webpack/static/bgm/bgm_M106.ogg' -> 'gdrive://www.googleapis.com/Other/vue-webpack/static/bgm/bgm_M106.ogg'
2018-07-31 13:08:49: 新建复制 'D:/vue-webpack/static/bgm/bgm_M106_02.ogg' -> 'gdrive://www.googleapis.com/Other/vue-webpack/static/bgm/bgm_M106_02.ogg'
2018-07-31 13:08:52: 新建复制 'D:/vue-webpack/static/bgm/bgm_M107.ogg' -> 'gdrive://www.googleapis.com/Other/vue-webpack/static/bgm/bgm_M107.ogg'
2018-07-31 13:08:55: 新建复制 'D:/vue-webpack/static/bgm/bgm_M107_02.ogg' -> 'gdrive://www.googleapis.com/Other/vue-webpack/static/bgm/bgm_M107_02.ogg'
2018-07-31 13:08:58: 新建复制 'D:/vue-webpack/static/bgm/bgm_M107_03.ogg' -> 'gdrive://www.googleapis.com/Other/vue-webpack/static/bgm/bgm_M107_03.ogg'
2018-07-31 13:09:02: 新建复制 'D:/vue-webpack/static/bgm/bgm_M107_04.ogg' -> 'gdrive://www.googleapis.com/Other/vue-webpack/static/bgm/bgm_M107_04.ogg'
2018-07-31 13:09:05: 新建复制 'D:/vue-webpack/static/bgm/bgm_M107_05.ogg' -> 'gdrive://www.googleapis.com/Other/vue-webpack/static/bgm/bgm_M107_05.ogg'
2018-07-31 13:09:09: 新建复制 'D:/vue-webpack/static/bgm/bgm_M108.ogg' -> 'gdrive://www.googleapis.com/Other/vue-webpack/static/bgm/bgm_M108.ogg'
2018-07-31 13:09:12: 新建复制 'D:/vue-webpack/static/bgm/bgm_M108_02.ogg' -> 'gdrive://www.googleapis.com/Other/vue-webpack/static/bgm/bgm_M108_02.ogg'
2018-07-31 13:09:15: 新建复制 'D:/vue-webpack/static/bgm/bgm_M108_03.ogg' -> 'gdrive://www.googleapis.com/Other/vue-webpack/static/bgm/bgm_M108_03.ogg'
2018-07-31 13:09:18: 新建复制 'D:/vue-webpack/static/bgm/bgm_M108_04.ogg' -> 'gdrive://www.googleapis.com/Other/vue-webpack/static/bgm/bgm_M108_04.ogg'
2018-07-31 13:09:21: 新建复制 'D:/vue-webpack/static/bgm/bgm_M108_05.ogg' -> 'gdrive://www.googleapis.com/Other/vue-webpack/static/bgm/bgm_M108_05.ogg'
2018-07-31 13:09:24: 新建复制 'D:/vue-webpack/static/bgm/bgm_M108_06.ogg' -> 'gdrive://www.googleapis.com/Other/vue-webpack/static/bgm/bgm_M108_06.ogg'
2018-07-31 13:09:36: 新建复制 'D:/vue-webpack/static/bgm/bgm_M108_07.ogg' -> 'gdrive://www.googleapis.com/Other/vue-webpack/static/bgm/bgm_M108_07.ogg'
2018-07-31 13:09:40: 新建复制 'D:/vue-webpack/static/bgm/bgm_M109.ogg' -> 'gdrive://www.googleapis.com/Other/vue-webpack/static/bgm/bgm_M109.ogg'
2018-07-31 13:09:44: 新建复制 'D:/vue-webpack/static/bgm/bgm_M109_02.ogg' -> 'gdrive://www.googleapis.com/Other/vue-webpack/static/bgm/bgm_M109_02.ogg'
2018-07-31 13:09:47: 新建复制 'D:/vue-webpack/static/bgm/bgm_M109_03.ogg' -> 'gdrive://www.googleapis.com/Other/vue-webpack/static/bgm/bgm_M109_03.ogg'
2018-07-31 13:09:50: 新建复制 'D:/vue-webpack/static/bgm/bgm_M109_04.ogg' -> 'gdrive://www.googleapis.com/Other/vue-webpack/static/bgm/bgm_M109_04.ogg'
2018-07-31 13:09:53: 新建复制 'D:/vue-webpack/static/bgm/bgm_M110.ogg' -> 'gdrive://www.googleapis.com/Other/vue-webpack/static/bgm/bgm_M110.ogg'
2018-07-31 13:09:59: 新建复制 'D:/vue-webpack/static/bgm/bgm_M111.ogg' -> 'gdrive://www.googleapis.com/Other/vue-webpack/static/bgm/bgm_M111.ogg'
2018-07-31 13:10:01: 新建复制 'D:/vue-webpack/static/bgm/bgm_M112.ogg' -> 'gdrive://www.googleapis.com/Other/vue-webpack/static/bgm/bgm_M112.ogg'
2018-07-31 13:10:05: 新建复制 'D:/vue-webpack/static/bgm/bgm_M113.ogg' -> 'gdrive://www.googleapis.com/Other/vue-webpack/static/bgm/bgm_M113.ogg'
2018-07-31 13:10:08: 新建复制 'D:/vue-webpack/static/bgm/bgm_M113_02.ogg' -> 'gdrive://www.googleapis.com/Other/vue-webpack/static/bgm/bgm_M113_02.ogg'
2018-07-31 13:10:12: 新建复制 'D:/vue-webpack/static/bgm/bgm_M113_03.ogg' -> 'gdrive://www.googleapis.com/Other/vue-webpack/static/bgm/bgm_M113_03.ogg'
2018-07-31 13:10:15: 新建复制 'D:/vue-webpack/static/bgm/bgm_M113_04.ogg' -> 'gdrive://www.googleapis.com/Other/vue-webpack/static/bgm/bgm_M113_04.ogg'
2018-07-31 13:10:18: 新建复制 'D:/vue-webpack/static/bgm/bgm_M113_05.ogg' -> 'gdrive://www.googleapis.com/Other/vue-webpack/static/bgm/bgm_M113_05.ogg'
2018-07-31 13:10:27: 新建复制 'D:/vue-webpack/static/bgm/bgm_M114.ogg' -> 'gdrive://www.googleapis.com/Other/vue-webpack/static/bgm/bgm_M114.ogg'
2018-07-31 13:10:31: 新建复制 'D:/vue-webpack/static/bgm/bgm_M114_02.ogg' -> 'gdrive://www.googleapis.com/Other/vue-webpack/static/bgm/bgm_M114_02.ogg'
2018-07-31 13:10:34: 新建复制 'D:/vue-webpack/static/bgm/bgm_M114_03.ogg' -> 'gdrive://www.googleapis.com/Other/vue-webpack/static/bgm/bgm_M114_03.ogg'
2018-07-31 13:10:37: 新建复制 'D:/vue-webpack/static/bgm/bgm_M114_04.ogg' -> 'gdrive://www.googleapis.com/Other/vue-webpack/static/bgm/bgm_M114_04.ogg'
2018-07-31 13:10:41: 新建复制 'D:/vue-webpack/static/bgm/bgm_M114_05.ogg' -> 'gdrive://www.googleapis.com/Other/vue-webpack/static/bgm/bgm_M114_05.ogg'
2018-07-31 13:10:43: 新建复制 'D:/vue-webpack/static/bgm/bgm_M115.ogg' -> 'gdrive://www.googleapis.com/Other/vue-webpack/static/bgm/bgm_M115.ogg'
2018-07-31 13:10:47: 新建复制 'D:/vue-webpack/static/bgm/bgm_M116.ogg' -> 'gdrive://www.googleapis.com/Other/vue-webpack/static/bgm/bgm_M116.ogg'
2018-07-31 13:10:53: 新建复制 'D:/vue-webpack/static/bgm/bgm_M116_02NoOutro01.ogg' -> 'gdrive://www.googleapis.com/Other/vue-webpack/static/bgm/bgm_M116_02NoOutro01.ogg'
2018-07-31 13:10:57: 新建复制 'D:/vue-webpack/static/bgm/bgm_M116_03NoOutro02.ogg' -> 'gdrive://www.googleapis.com/Other/vue-webpack/static/bgm/bgm_M116_03NoOutro02.ogg'
2018-07-31 13:11:00: 新建复制 'D:/vue-webpack/static/bgm/bgm_M117.ogg' -> 'gdrive://www.googleapis.com/Other/vue-webpack/static/bgm/bgm_M117.ogg'
2018-07-31 13:11:06: 覆盖复制 'D:/vue-webpack/static/bgm/bgm_M118.ogg' -> 'gdrive://www.googleapis.com/Other/vue-webpack/static/bgm/bgm_M118.ogg' (User Action)
2018-07-31 13:11:09: 新建复制 'D:/vue-webpack/static/bgm/bgm_M119.ogg' -> 'gdrive://www.googleapis.com/Other/vue-webpack/static/bgm/bgm_M119.ogg'
2018-07-31 13:11:12: 新建复制 'D:/vue-webpack/static/bgm/bgm_M121.ogg' -> 'gdrive://www.googleapis.com/Other/vue-webpack/static/bgm/bgm_M121.ogg'
2018-07-31 13:11:15: 新建复制 'D:/vue-webpack/static/bgm/bgm_M122.ogg' -> 'gdrive://www.googleapis.com/Other/vue-webpack/static/bgm/bgm_M122.ogg'
2018-07-31 13:11:18: 新建复制 'D:/vue-webpack/static/bgm/bgm_M122_02.ogg' -> 'gdrive://www.googleapis.com/Other/vue-webpack/static/bgm/bgm_M122_02.ogg'
2018-07-31 13:11:22: 新建复制 'D:/vue-webpack/static/bgm/bgm_M122_03.ogg' -> 'gdrive://www.googleapis.com/Other/vue-webpack/static/bgm/bgm_M122_03.ogg'
2018-07-31 13:11:31: 新建复制 'D:/vue-webpack/static/bgm/bgm_M122_04.ogg' -> 'gdrive://www.googleapis.com/Other/vue-webpack/static/bgm/bgm_M122_04.ogg'
2018-07-31 13:11:34: 新建复制 'D:/vue-webpack/static/bgm/bgm_M122_05.ogg' -> 'gdrive://www.googleapis.com/Other/vue-webpack/static/bgm/bgm_M122_05.ogg'
2018-07-31 13:11:38: 新建复制 'D:/vue-webpack/static/bgm/bgm_M123.ogg' -> 'gdrive://www.googleapis.com/Other/vue-webpack/static/bgm/bgm_M123.ogg'
2018-07-31 13:11:41: 新建复制 'D:/vue-webpack/static/bgm/bgm_M123_02.ogg' -> 'gdrive://www.googleapis.com/Other/vue-webpack/static/bgm/bgm_M123_02.ogg'
2018-07-31 13:11:45: 新建复制 'D:/vue-webpack/static/bgm/bgm_M123_03.ogg' -> 'gdrive://www.googleapis.com/Other/vue-webpack/static/bgm/bgm_M123_03.ogg'
2018-07-31 13:11:50: 新建复制 'D:/vue-webpack/static/bgm/bgm_M123_04.ogg' -> 'gdrive://www.googleapis.com/Other/vue-webpack/static/bgm/bgm_M123_04.ogg'
2018-07-31 13:11:54: 新建复制 'D:/vue-webpack/static/bgm/bgm_M123_05.ogg' -> 'gdrive://www.googleapis.com/Other/vue-webpack/static/bgm/bgm_M123_05.ogg'
2018-07-31 13:11:57: 新建复制 'D:/vue-webpack/static/bgm/bgm_M124.ogg' -> 'gdrive://www.googleapis.com/Other/vue-webpack/static/bgm/bgm_M124.ogg'
2018-07-31 13:12:00: 新建复制 'D:/vue-webpack/static/bgm/bgm_M18.ogg' -> 'gdrive://www.googleapis.com/Other/vue-webpack/static/bgm/bgm_M18.ogg'
2018-07-31 13:12:03: 新建复制 'D:/vue-webpack/static/bgm/bgm_M18_emt04_004.ogg' -> 'gdrive://www.googleapis.com/Other/vue-webpack/static/bgm/bgm_M18_emt04_004.ogg'
2018-07-31 13:12:06: 新建复制 'D:/vue-webpack/static/bgm/bgm_M19.ogg' -> 'gdrive://www.googleapis.com/Other/vue-webpack/static/bgm/bgm_M19.ogg'
2018-07-31 13:12:09: 新建复制 'D:/vue-webpack/static/bgm/bgm_M19_02_Refrain.ogg' -> 'gdrive://www.googleapis.com/Other/vue-webpack/static/bgm/bgm_M19_02_Refrain.ogg'
2018-07-31 13:12:14: 新建复制 'D:/vue-webpack/static/bgm/bgm_M20.ogg' -> 'gdrive://www.googleapis.com/Other/vue-webpack/static/bgm/bgm_M20.ogg'
2018-07-31 13:12:17: 新建复制 'D:/vue-webpack/static/bgm/bgm_M20_00_Menu.ogg' -> 'gdrive://www.googleapis.com/Other/vue-webpack/static/bgm/bgm_M20_00_Menu.ogg'
2018-07-31 13:12:20: 新建复制 'D:/vue-webpack/static/bgm/bgm_M20_02_start2.ogg' -> 'gdrive://www.googleapis.com/Other/vue-webpack/static/bgm/bgm_M20_02_start2.ogg'
2018-07-31 13:12:23: 新建复制 'D:/vue-webpack/static/bgm/bgm_M21.ogg' -> 'gdrive://www.googleapis.com/Other/vue-webpack/static/bgm/bgm_M21.ogg'
2018-07-31 13:12:27: 新建复制 'D:/vue-webpack/static/bgm/bgm_M21_02.ogg' -> 'gdrive://www.googleapis.com/Other/vue-webpack/static/bgm/bgm_M21_02.ogg'
2018-07-31 13:12:33: 新建复制 'D:/vue-webpack/static/bgm/bgm_M21_03.ogg' -> 'gdrive://www.googleapis.com/Other/vue-webpack/static/bgm/bgm_M21_03.ogg'
2018-07-31 13:12:36: 新建复制 'D:/vue-webpack/static/bgm/bgm_M23.ogg' -> 'gdrive://www.googleapis.com/Other/vue-webpack/static/bgm/bgm_M23.ogg'
2018-07-31 13:12:39: 新建复制 'D:/vue-webpack/static/bgm/bgm_M23_02.ogg' -> 'gdrive://www.googleapis.com/Other/vue-webpack/static/bgm/bgm_M23_02.ogg'
2018-07-31 13:12:44: 新建复制 'D:/vue-webpack/static/bgm/bgm_M23_emt02_002.ogg' -> 'gdrive://www.googleapis.com/Other/vue-webpack/static/bgm/bgm_M23_emt02_002.ogg'
2018-07-31 13:12:47: 新建复制 'D:/vue-webpack/static/bgm/bgm_M23_emt02_003.ogg' -> 'gdrive://www.googleapis.com/Other/vue-webpack/static/bgm/bgm_M23_emt02_003.ogg'
2018-07-31 13:12:50: 新建复制 'D:/vue-webpack/static/bgm/bgm_M23_emt02_005.ogg' -> 'gdrive://www.googleapis.com/Other/vue-webpack/static/bgm/bgm_M23_emt02_005.ogg'
2018-07-31 13:12:53: 新建复制 'D:/vue-webpack/static/bgm/bgm_M24.ogg' -> 'gdrive://www.googleapis.com/Other/vue-webpack/static/bgm/bgm_M24.ogg'
2018-07-31 13:12:56: 新建复制 'D:/vue-webpack/static/bgm/bgm_M24_02_NoIntro.ogg' -> 'gdrive://www.googleapis.com/Other/vue-webpack/static/bgm/bgm_M24_02_NoIntro.ogg'
2018-07-31 13:12:59: 新建复制 'D:/vue-webpack/static/bgm/bgm_M24_03_Cello.ogg' -> 'gdrive://www.googleapis.com/Other/vue-webpack/static/bgm/bgm_M24_03_Cello.ogg'
2018-07-31 13:13:02: 新建复制 'D:/vue-webpack/static/bgm/bgm_M24_04_Strings.ogg' -> 'gdrive://www.googleapis.com/Other/vue-webpack/static/bgm/bgm_M24_04_Strings.ogg'
2018-07-31 13:13:05: 新建复制 'D:/vue-webpack/static/bgm/bgm_M24_emt04_005.ogg' -> 'gdrive://www.googleapis.com/Other/vue-webpack/static/bgm/bgm_M24_emt04_005.ogg'
2018-07-31 13:13:08: 新建复制 'D:/vue-webpack/static/bgm/bgm_M24_emt06_013.ogg' -> 'gdrive://www.googleapis.com/Other/vue-webpack/static/bgm/bgm_M24_emt06_013.ogg'
2018-07-31 13:13:10: 新建复制 'D:/vue-webpack/static/bgm/bgm_M25.ogg' -> 'gdrive://www.googleapis.com/Other/vue-webpack/static/bgm/bgm_M25.ogg'
2018-07-31 13:13:13: 新建复制 'D:/vue-webpack/static/bgm/bgm_M27.ogg' -> 'gdrive://www.googleapis.com/Other/vue-webpack/static/bgm/bgm_M27.ogg'
2018-07-31 13:13:20: 新建复制 'D:/vue-webpack/static/bgm/bgm_M28.ogg' -> 'gdrive://www.googleapis.com/Other/vue-webpack/static/bgm/bgm_M28.ogg'
2018-07-31 13:13:23: 新建复制 'D:/vue-webpack/static/bgm/bgm_M29.ogg' -> 'gdrive://www.googleapis.com/Other/vue-webpack/static/bgm/bgm_M29.ogg'
2018-07-31 13:13:26: 新建复制 'D:/vue-webpack/static/bgm/bgm_M30.ogg' -> 'gdrive://www.googleapis.com/Other/vue-webpack/static/bgm/bgm_M30.ogg'
2018-07-31 13:13:33: 新建复制 'D:/vue-webpack/static/bgm/bgm_M30_02_NoIntro.ogg' -> 'gdrive://www.googleapis.com/Other/vue-webpack/static/bgm/bgm_M30_02_NoIntro.ogg'
2018-07-31 13:13:40: 新建复制 'D:/vue-webpack/static/bgm/bgm_M31.ogg' -> 'gdrive://www.googleapis.com/Other/vue-webpack/static/bgm/bgm_M31.ogg'
2018-07-31 13:13:43: 新建复制 'D:/vue-webpack/static/bgm/bgm_M32.ogg' -> 'gdrive://www.googleapis.com/Other/vue-webpack/static/bgm/bgm_M32.ogg'
2018-07-31 13:13:46: 新建复制 'D:/vue-webpack/static/bgm/bgm_M33.ogg' -> 'gdrive://www.googleapis.com/Other/vue-webpack/static/bgm/bgm_M33.ogg'
2018-07-31 13:13:49: 新建复制 'D:/vue-webpack/static/bgm/bgm_M34.ogg' -> 'gdrive://www.googleapis.com/Other/vue-webpack/static/bgm/bgm_M34.ogg'
2018-07-31 13:13:57: 新建复制 'D:/vue-webpack/static/bgm/bgm_M34_02.ogg' -> 'gdrive://www.googleapis.com/Other/vue-webpack/static/bgm/bgm_M34_02.ogg'
2018-07-31 13:14:00: 新建复制 'D:/vue-webpack/static/bgm/bgm_M34_03.ogg' -> 'gdrive://www.googleapis.com/Other/vue-webpack/static/bgm/bgm_M34_03.ogg'
2018-07-31 13:14:03: 新建复制 'D:/vue-webpack/static/bgm/bgm_M34_emt05_006.ogg' -> 'gdrive://www.googleapis.com/Other/vue-webpack/static/bgm/bgm_M34_emt05_006.ogg'
2018-07-31 13:14:06: 新建复制 'D:/vue-webpack/static/bgm/bgm_M36.ogg' -> 'gdrive://www.googleapis.com/Other/vue-webpack/static/bgm/bgm_M36.ogg'
2018-07-31 13:14:16: 覆盖复制 'D:/vue-webpack/static/bgm/bgm_M36_02_division.ogg' -> 'gdrive://www.googleapis.com/Other/vue-webpack/static/bgm/bgm_M36_02_division.ogg' (User Action)
2018-07-31 13:14:25: 新建复制 'D:/vue-webpack/static/bgm/bgm_M36_02_Strings.ogg' -> 'gdrive://www.googleapis.com/Other/vue-webpack/static/bgm/bgm_M36_02_Strings.ogg'
2018-07-31 13:14:28: 新建复制 'D:/vue-webpack/static/bgm/bgm_M36_03_Gacha.ogg' -> 'gdrive://www.googleapis.com/Other/vue-webpack/static/bgm/bgm_M36_03_Gacha.ogg'
2018-07-31 13:14:31: 新建复制 'D:/vue-webpack/static/bgm/bgm_M36_NewCharacter.ogg' -> 'gdrive://www.googleapis.com/Other/vue-webpack/static/bgm/bgm_M36_NewCharacter.ogg'
2018-07-31 13:14:34: 新建复制 'D:/vue-webpack/static/bgm/bgm_M37.ogg' -> 'gdrive://www.googleapis.com/Other/vue-webpack/static/bgm/bgm_M37.ogg'
2018-07-31 13:14:37: 新建复制 'D:/vue-webpack/static/bgm/bgm_M38.ogg' -> 'gdrive://www.googleapis.com/Other/vue-webpack/static/bgm/bgm_M38.ogg'
2018-07-31 13:14:40: 新建复制 'D:/vue-webpack/static/bgm/bgm_M39.ogg' -> 'gdrive://www.googleapis.com/Other/vue-webpack/static/bgm/bgm_M39.ogg'
2018-07-31 13:14:43: 新建复制 'D:/vue-webpack/static/bgm/bgm_M40.ogg' -> 'gdrive://www.googleapis.com/Other/vue-webpack/static/bgm/bgm_M40.ogg'
2018-07-31 13:14:46: 新建复制 'D:/vue-webpack/static/bgm/bgm_M41.ogg' -> 'gdrive://www.googleapis.com/Other/vue-webpack/static/bgm/bgm_M41.ogg'
2018-07-31 13:14:52: 覆盖复制 'D:/vue-webpack/static/bgm/bgm_M42.ogg' -> 'gdrive://www.googleapis.com/Other/vue-webpack/static/bgm/bgm_M42.ogg' (User Action)
2018-07-31 13:14:56: 覆盖复制 'D:/vue-webpack/static/bgm/bgm_M42_02.ogg' -> 'gdrive://www.googleapis.com/Other/vue-webpack/static/bgm/bgm_M42_02.ogg' (User Action)
2018-07-31 13:15:01: 覆盖复制 'D:/vue-webpack/static/bgm/bgm_M42_03.ogg' -> 'gdrive://www.googleapis.com/Other/vue-webpack/static/bgm/bgm_M42_03.ogg' (User Action)
2018-07-31 13:15:06: 覆盖复制 'D:/vue-webpack/static/bgm/bgm_M42_04_NoStrings.ogg' -> 'gdrive://www.googleapis.com/Other/vue-webpack/static/bgm/bgm_M42_04_NoStrings.ogg' (User Action)
2018-07-31 13:15:11: 新建复制 'D:/vue-webpack/static/bgm/bgm_M43.ogg' -> 'gdrive://www.googleapis.com/Other/vue-webpack/static/bgm/bgm_M43.ogg'
2018-07-31 13:15:15: 新建复制 'D:/vue-webpack/static/bgm/bgm_M43_02.ogg' -> 'gdrive://www.googleapis.com/Other/vue-webpack/static/bgm/bgm_M43_02.ogg'
2018-07-31 13:15:17: 新建复制 'D:/vue-webpack/static/bgm/bgm_M44_Gacha_a_01.ogg' -> 'gdrive://www.googleapis.com/Other/vue-webpack/static/bgm/bgm_M44_Gacha_a_01.ogg'
2018-07-31 13:15:20: 新建复制 'D:/vue-webpack/static/bgm/bgm_M44_Gacha_a_02.ogg' -> 'gdrive://www.googleapis.com/Other/vue-webpack/static/bgm/bgm_M44_Gacha_a_02.ogg'
2018-07-31 13:15:23: 新建复制 'D:/vue-webpack/static/bgm/bgm_M44_Gacha_a_03.ogg' -> 'gdrive://www.googleapis.com/Other/vue-webpack/static/bgm/bgm_M44_Gacha_a_03.ogg'
2018-07-31 13:15:25: 新建复制 'D:/vue-webpack/static/bgm/bgm_M45.ogg' -> 'gdrive://www.googleapis.com/Other/vue-webpack/static/bgm/bgm_M45.ogg'
2018-07-31 13:15:28: 新建复制 'D:/vue-webpack/static/bgm/bgm_M45_dear_degree.ogg' -> 'gdrive://www.googleapis.com/Other/vue-webpack/static/bgm/bgm_M45_dear_degree.ogg'
2018-07-31 13:15:31: 新建复制 'D:/vue-webpack/static/bgm/bgm_M46.ogg' -> 'gdrive://www.googleapis.com/Other/vue-webpack/static/bgm/bgm_M46.ogg'
2018-07-31 13:15:34: 新建复制 'D:/vue-webpack/static/bgm/bgm_M46_02.ogg' -> 'gdrive://www.googleapis.com/Other/vue-webpack/static/bgm/bgm_M46_02.ogg'
2018-07-31 13:15:38: 新建复制 'D:/vue-webpack/static/bgm/bgm_M46_03.ogg' -> 'gdrive://www.googleapis.com/Other/vue-webpack/static/bgm/bgm_M46_03.ogg'
2018-07-31 13:15:41: 新建复制 'D:/vue-webpack/static/bgm/bgm_M47.ogg' -> 'gdrive://www.googleapis.com/Other/vue-webpack/static/bgm/bgm_M47.ogg'
2018-07-31 13:15:44: 新建复制 'D:/vue-webpack/static/bgm/bgm_M48.ogg' -> 'gdrive://www.googleapis.com/Other/vue-webpack/static/bgm/bgm_M48.ogg'
2018-07-31 13:15:47: 新建复制 'D:/vue-webpack/static/bgm/bgm_M49.ogg' -> 'gdrive://www.googleapis.com/Other/vue-webpack/static/bgm/bgm_M49.ogg'
2018-07-31 13:15:50: 新建复制 'D:/vue-webpack/static/bgm/bgm_M49_emt05_004.ogg' -> 'gdrive://www.googleapis.com/Other/vue-webpack/static/bgm/bgm_M49_emt05_004.ogg'
2018-07-31 13:15:53: 新建复制 'D:/vue-webpack/static/bgm/bgm_M49_emt05_006.ogg' -> 'gdrive://www.googleapis.com/Other/vue-webpack/static/bgm/bgm_M49_emt05_006.ogg'
2018-07-31 13:15:56: 新建复制 'D:/vue-webpack/static/bgm/bgm_M50.ogg' -> 'gdrive://www.googleapis.com/Other/vue-webpack/static/bgm/bgm_M50.ogg'
2018-07-31 13:16:03: 新建复制 'D:/vue-webpack/static/bgm/bgm_M51.ogg' -> 'gdrive://www.googleapis.com/Other/vue-webpack/static/bgm/bgm_M51.ogg'
2018-07-31 13:16:06: 新建复制 'D:/vue-webpack/static/bgm/bgm_M52.ogg' -> 'gdrive://www.googleapis.com/Other/vue-webpack/static/bgm/bgm_M52.ogg'
2018-07-31 13:16:09: 新建复制 'D:/vue-webpack/static/bgm/bgm_M53.ogg' -> 'gdrive://www.googleapis.com/Other/vue-webpack/static/bgm/bgm_M53.ogg'
2018-07-31 13:16:13: 新建复制 'D:/vue-webpack/static/bgm/bgm_M55.ogg' -> 'gdrive://www.googleapis.com/Other/vue-webpack/static/bgm/bgm_M55.ogg'
2018-07-31 13:16:18: 新建复制 'D:/vue-webpack/static/bgm/bgm_M55_emt06_006.ogg' -> 'gdrive://www.googleapis.com/Other/vue-webpack/static/bgm/bgm_M55_emt06_006.ogg'
2018-07-31 13:16:20: 新建复制 'D:/vue-webpack/static/bgm/bgm_M56.ogg' -> 'gdrive://www.googleapis.com/Other/vue-webpack/static/bgm/bgm_M56.ogg'
2018-07-31 13:16:23: 新建复制 'D:/vue-webpack/static/bgm/bgm_M57.ogg' -> 'gdrive://www.googleapis.com/Other/vue-webpack/static/bgm/bgm_M57.ogg'
2018-07-31 13:16:27: 覆盖复制 'D:/vue-webpack/static/bgm/bgm_M58.ogg' -> 'gdrive://www.googleapis.com/Other/vue-webpack/static/bgm/bgm_M58.ogg' (User Action)
2018-07-31 13:16:29: 新建复制 'D:/vue-webpack/static/bgm/bgm_M60.ogg' -> 'gdrive://www.googleapis.com/Other/vue-webpack/static/bgm/bgm_M60.ogg'
2018-07-31 13:16:33: 覆盖复制 'D:/vue-webpack/static/bgm/bgm_M61.ogg' -> 'gdrive://www.googleapis.com/Other/vue-webpack/static/bgm/bgm_M61.ogg' (User Action)
2018-07-31 13:16:37: 覆盖复制 'D:/vue-webpack/static/bgm/bgm_M61_00.ogg' -> 'gdrive://www.googleapis.com/Other/vue-webpack/static/bgm/bgm_M61_00.ogg' (User Action)
2018-07-31 13:16:40: 覆盖复制 'D:/vue-webpack/static/bgm/bgm_M61_02.ogg' -> 'gdrive://www.googleapis.com/Other/vue-webpack/static/bgm/bgm_M61_02.ogg' (User Action)
2018-07-31 13:16:44: 覆盖复制 'D:/vue-webpack/static/bgm/bgm_M61_03.ogg' -> 'gdrive://www.googleapis.com/Other/vue-webpack/static/bgm/bgm_M61_03.ogg' (User Action)
2018-07-31 13:16:47: 覆盖复制 'D:/vue-webpack/static/bgm/bgm_M61_04.ogg' -> 'gdrive://www.googleapis.com/Other/vue-webpack/static/bgm/bgm_M61_04.ogg' (User Action)
2018-07-31 13:16:51: 覆盖复制 'D:/vue-webpack/static/bgm/bgm_M62_01.ogg' -> 'gdrive://www.googleapis.com/Other/vue-webpack/static/bgm/bgm_M62_01.ogg' (User Action)
2018-07-31 13:16:55: 覆盖复制 'D:/vue-webpack/static/bgm/bgm_M62_02.ogg' -> 'gdrive://www.googleapis.com/Other/vue-webpack/static/bgm/bgm_M62_02.ogg' (User Action)
2018-07-31 13:16:59: 覆盖复制 'D:/vue-webpack/static/bgm/bgm_M62_03.ogg' -> 'gdrive://www.googleapis.com/Other/vue-webpack/static/bgm/bgm_M62_03.ogg' (User Action)
2018-07-31 13:17:02: 新建复制 'D:/vue-webpack/static/bgm/bgm_M63.ogg' -> 'gdrive://www.googleapis.com/Other/vue-webpack/static/bgm/bgm_M63.ogg'
2018-07-31 13:17:08: 新建复制 'D:/vue-webpack/static/bgm/bgm_M63_emt04_004.ogg' -> 'gdrive://www.googleapis.com/Other/vue-webpack/static/bgm/bgm_M63_emt04_004.ogg'
2018-07-31 13:17:11: 新建复制 'D:/vue-webpack/static/bgm/bgm_M64.ogg' -> 'gdrive://www.googleapis.com/Other/vue-webpack/static/bgm/bgm_M64.ogg'
2018-07-31 13:17:14: 新建复制 'D:/vue-webpack/static/bgm/bgm_M65.ogg' -> 'gdrive://www.googleapis.com/Other/vue-webpack/static/bgm/bgm_M65.ogg'
2018-07-31 13:17:17: 新建复制 'D:/vue-webpack/static/bgm/bgm_M67.ogg' -> 'gdrive://www.googleapis.com/Other/vue-webpack/static/bgm/bgm_M67.ogg'
2018-07-31 13:17:20: 新建复制 'D:/vue-webpack/static/bgm/bgm_M67_02.ogg' -> 'gdrive://www.googleapis.com/Other/vue-webpack/static/bgm/bgm_M67_02.ogg'
2018-07-31 13:17:23: 新建复制 'D:/vue-webpack/static/bgm/bgm_M67_03.ogg' -> 'gdrive://www.googleapis.com/Other/vue-webpack/static/bgm/bgm_M67_03.ogg'
2018-07-31 13:17:25: 新建复制 'D:/vue-webpack/static/bgm/bgm_M68.ogg' -> 'gdrive://www.googleapis.com/Other/vue-webpack/static/bgm/bgm_M68.ogg'
2018-07-31 13:17:29: 新建复制 'D:/vue-webpack/static/bgm/bgm_M71.ogg' -> 'gdrive://www.googleapis.com/Other/vue-webpack/static/bgm/bgm_M71.ogg'
2018-07-31 13:17:32: 新建复制 'D:/vue-webpack/static/bgm/bgm_M72.ogg' -> 'gdrive://www.googleapis.com/Other/vue-webpack/static/bgm/bgm_M72.ogg'
2018-07-31 13:17:34: 新建复制 'D:/vue-webpack/static/bgm/bgm_M73.ogg' -> 'gdrive://www.googleapis.com/Other/vue-webpack/static/bgm/bgm_M73.ogg'
2018-07-31 13:17:38: 新建复制 'D:/vue-webpack/static/bgm/bgm_M74.ogg' -> 'gdrive://www.googleapis.com/Other/vue-webpack/static/bgm/bgm_M74.ogg'
2018-07-31 13:17:40: 新建复制 'D:/vue-webpack/static/bgm/bgm_M75.ogg' -> 'gdrive://www.googleapis.com/Other/vue-webpack/static/bgm/bgm_M75.ogg'
2018-07-31 13:17:43: 新建复制 'D:/vue-webpack/static/bgm/bgm_M76.ogg' -> 'gdrive://www.googleapis.com/Other/vue-webpack/static/bgm/bgm_M76.ogg'
2018-07-31 13:17:46: 新建复制 'D:/vue-webpack/static/bgm/bgm_M77.ogg' -> 'gdrive://www.googleapis.com/Other/vue-webpack/static/bgm/bgm_M77.ogg'
2018-07-31 13:17:49: 新建复制 'D:/vue-webpack/static/bgm/bgm_M78.ogg' -> 'gdrive://www.googleapis.com/Other/vue-webpack/static/bgm/bgm_M78.ogg'
2018-07-31 13:17:53: 新建复制 'D:/vue-webpack/static/bgm/bgm_M79.ogg' -> 'gdrive://www.googleapis.com/Other/vue-webpack/static/bgm/bgm_M79.ogg'
2018-07-31 13:17:57: 新建复制 'D:/vue-webpack/static/bgm/bgm_M79_02.ogg' -> 'gdrive://www.googleapis.com/Other/vue-webpack/static/bgm/bgm_M79_02.ogg'
2018-07-31 13:18:01: 新建复制 'D:/vue-webpack/static/bgm/bgm_M81.ogg' -> 'gdrive://www.googleapis.com/Other/vue-webpack/static/bgm/bgm_M81.ogg'
2018-07-31 13:18:03: 新建复制 'D:/vue-webpack/static/bgm/bgm_M82.ogg' -> 'gdrive://www.googleapis.com/Other/vue-webpack/static/bgm/bgm_M82.ogg'
2018-07-31 13:18:05: 新建复制 'D:/vue-webpack/static/bgm/bgm_M83.ogg' -> 'gdrive://www.googleapis.com/Other/vue-webpack/static/bgm/bgm_M83.ogg'
2018-07-31 13:18:08: 新建复制 'D:/vue-webpack/static/bgm/bgm_M84.ogg' -> 'gdrive://www.googleapis.com/Other/vue-webpack/static/bgm/bgm_M84.ogg'
2018-07-31 13:18:10: 新建复制 'D:/vue-webpack/static/bgm/bgm_M85.ogg' -> 'gdrive://www.googleapis.com/Other/vue-webpack/static/bgm/bgm_M85.ogg'
2018-07-31 13:18:12: 新建复制 'D:/vue-webpack/static/bgm/bgm_M86.ogg' -> 'gdrive://www.googleapis.com/Other/vue-webpack/static/bgm/bgm_M86.ogg'
2018-07-31 13:18:15: 新建复制 'D:/vue-webpack/static/bgm/bgm_M90.ogg' -> 'gdrive://www.googleapis.com/Other/vue-webpack/static/bgm/bgm_M90.ogg'
2018-07-31 13:18:18: 覆盖复制 'D:/vue-webpack/static/bgm/bgm_M93.ogg' -> 'gdrive://www.googleapis.com/Other/vue-webpack/static/bgm/bgm_M93.ogg' (User Action)
2018-07-31 13:18:22: 覆盖复制 'D:/vue-webpack/static/bgm/bgm_M94.ogg' -> 'gdrive://www.googleapis.com/Other/vue-webpack/static/bgm/bgm_M94.ogg' (User Action)
2018-07-31 13:18:24: 新建复制 'D:/vue-webpack/static/bgm/bgm_M97.ogg' -> 'gdrive://www.googleapis.com/Other/vue-webpack/static/bgm/bgm_M97.ogg'
2018-07-31 13:18:27: 新建复制 'D:/vue-webpack/static/bgm/bgm_M98.ogg' -> 'gdrive://www.googleapis.com/Other/vue-webpack/static/bgm/bgm_M98.ogg'
2018-07-31 13:18:31: 新建复制 'D:/vue-webpack/static/bgm/bgm_M98_2.ogg' -> 'gdrive://www.googleapis.com/Other/vue-webpack/static/bgm/bgm_M98_2.ogg'
2018-07-31 13:18:34: 新建复制 'D:/vue-webpack/static/bgm/bgm_M99.ogg' -> 'gdrive://www.googleapis.com/Other/vue-webpack/static/bgm/bgm_M99.ogg'
2018-07-31 13:18:36: 新建复制 'D:/vue-webpack/static/bgm/bgm_M99_02.ogg' -> 'gdrive://www.googleapis.com/Other/vue-webpack/static/bgm/bgm_M99_02.ogg'
2018-07-31 13:18:39: 新建复制 'D:/vue-webpack/static/bgm/bgm_M99_03.ogg' -> 'gdrive://www.googleapis.com/Other/vue-webpack/static/bgm/bgm_M99_03.ogg'
2018-07-31 13:18:41: 新建复制 'gdrive://www.googleapis.com/Other/vue-webpack/static/csv/actual_unit_background.csv' -> 'D:/vue-webpack/static/csv/actual_unit_background.csv'
2018-07-31 13:18:42: 新建复制 'gdrive://www.googleapis.com/Other/vue-webpack/static/csv/ailment_data.csv' -> 'D:/vue-webpack/static/csv/ailment_data.csv'
2018-07-31 13:18:43: 新建复制 'gdrive://www.googleapis.com/Other/vue-webpack/static/csv/album_production_list.csv' -> 'D:/vue-webpack/static/csv/album_production_list.csv'
2018-07-31 13:18:45: 新建复制 'gdrive://www.googleapis.com/Other/vue-webpack/static/csv/album_voice_list.csv' -> 'D:/vue-webpack/static/csv/album_voice_list.csv'
2018-07-31 13:18:46: 新建复制 'gdrive://www.googleapis.com/Other/vue-webpack/static/csv/arena_daily_rank_reward.csv' -> 'D:/vue-webpack/static/csv/arena_daily_rank_reward.csv'
2018-07-31 13:18:47: 新建复制 'gdrive://www.googleapis.com/Other/vue-webpack/static/csv/arena_defence_reward.csv' -> 'D:/vue-webpack/static/csv/arena_defence_reward.csv'
2018-07-31 13:18:49: 新建复制 'gdrive://www.googleapis.com/Other/vue-webpack/static/csv/arena_max_rank_reward.csv' -> 'D:/vue-webpack/static/csv/arena_max_rank_reward.csv'
2018-07-31 13:18:50: 新建复制 'gdrive://www.googleapis.com/Other/vue-webpack/static/csv/banner.csv' -> 'D:/vue-webpack/static/csv/banner.csv'
2018-07-31 13:18:51: 新建复制 'gdrive://www.googleapis.com/Other/vue-webpack/static/csv/bg_data.csv' -> 'D:/vue-webpack/static/csv/bg_data.csv'
2018-07-31 13:18:52: 新建复制 'gdrive://www.googleapis.com/Other/vue-webpack/static/csv/campaign_freegacha.csv' -> 'D:/vue-webpack/static/csv/campaign_freegacha.csv'
2018-07-31 13:18:53: 新建复制 'gdrive://www.googleapis.com/Other/vue-webpack/static/csv/campaign_freegacha_data.csv' -> 'D:/vue-webpack/static/csv/campaign_freegacha_data.csv'
2018-07-31 13:18:55: 新建复制 'gdrive://www.googleapis.com/Other/vue-webpack/static/csv/campaign_schedule.csv' -> 'D:/vue-webpack/static/csv/campaign_schedule.csv'
2018-07-31 13:18:56: 新建复制 'gdrive://www.googleapis.com/Other/vue-webpack/static/csv/chara_identity.csv' -> 'D:/vue-webpack/static/csv/chara_identity.csv'
2018-07-31 13:18:57: 新建复制 'gdrive://www.googleapis.com/Other/vue-webpack/static/csv/chara_story_status.csv' -> 'D:/vue-webpack/static/csv/chara_story_status.csv'
2018-07-31 13:18:58: 新建复制 'gdrive://www.googleapis.com/Other/vue-webpack/static/csv/character_love_rankup_text.csv' -> 'D:/vue-webpack/static/csv/character_love_rankup_text.csv'
2018-07-31 13:19:00: 新建复制 'gdrive://www.googleapis.com/Other/vue-webpack/static/csv/clan_battle_boss_damage_rank.csv' -> 'D:/vue-webpack/static/csv/clan_battle_boss_damage_rank.csv'
2018-07-31 13:19:01: 新建复制 'gdrive://www.googleapis.com/Other/vue-webpack/static/csv/clan_battle_boss_data.csv' -> 'D:/vue-webpack/static/csv/clan_battle_boss_data.csv'
2018-07-31 13:19:03: 新建复制 'gdrive://www.googleapis.com/Other/vue-webpack/static/csv/clan_battle_boss_fix_reward.csv' -> 'D:/vue-webpack/static/csv/clan_battle_boss_fix_reward.csv'
2018-07-31 13:19:04: 新建复制 'gdrive://www.googleapis.com/Other/vue-webpack/static/csv/clan_battle_boss_group.csv' -> 'D:/vue-webpack/static/csv/clan_battle_boss_group.csv'
2018-07-31 13:19:05: 新建复制 'gdrive://www.googleapis.com/Other/vue-webpack/static/csv/clan_battle_hp_reset_cost.csv' -> 'D:/vue-webpack/static/csv/clan_battle_hp_reset_cost.csv'
2018-07-31 13:19:07: 新建复制 'gdrive://www.googleapis.com/Other/vue-webpack/static/csv/clan_battle_last_attack_reward.csv' -> 'D:/vue-webpack/static/csv/clan_battle_last_attack_reward.csv'
2018-07-31 13:19:08: 新建复制 'gdrive://www.googleapis.com/Other/vue-webpack/static/csv/clan_battle_map_data.csv' -> 'D:/vue-webpack/static/csv/clan_battle_map_data.csv'
2018-07-31 13:19:09: 新建复制 'gdrive://www.googleapis.com/Other/vue-webpack/static/csv/clan_battle_odds_data.csv' -> 'D:/vue-webpack/static/csv/clan_battle_odds_data.csv'
2018-07-31 13:19:10: 新建复制 'gdrive://www.googleapis.com/Other/vue-webpack/static/csv/clan_battle_period.csv' -> 'D:/vue-webpack/static/csv/clan_battle_period.csv'
2018-07-31 13:19:12: 新建复制 'gdrive://www.googleapis.com/Other/vue-webpack/static/csv/clan_battle_period_rank_bonus.csv' -> 'D:/vue-webpack/static/csv/clan_battle_period_rank_bonus.csv'
2018-07-31 13:19:13: 新建复制 'gdrive://www.googleapis.com/Other/vue-webpack/static/csv/clan_battle_period_rank_reward.csv' -> 'D:/vue-webpack/static/csv/clan_battle_period_rank_reward.csv'
2018-07-31 13:19:14: 新建复制 'gdrive://www.googleapis.com/Other/vue-webpack/static/csv/clan_battle_schedule.csv' -> 'D:/vue-webpack/static/csv/clan_battle_schedule.csv'
2018-07-31 13:19:16: 新建复制 'gdrive://www.googleapis.com/Other/vue-webpack/static/csv/clan_battle_total_rank.csv' -> 'D:/vue-webpack/static/csv/clan_battle_total_rank.csv'
2018-07-31 13:19:17: 新建复制 'gdrive://www.googleapis.com/Other/vue-webpack/static/csv/clan_cost_group.csv' -> 'D:/vue-webpack/static/csv/clan_cost_group.csv'
2018-07-31 13:19:18: 新建复制 'gdrive://www.googleapis.com/Other/vue-webpack/static/csv/clan_grade.csv' -> 'D:/vue-webpack/static/csv/clan_grade.csv'
2018-07-31 13:19:19: 新建复制 'gdrive://www.googleapis.com/Other/vue-webpack/static/csv/clan_invite_level_group.csv' -> 'D:/vue-webpack/static/csv/clan_invite_level_group.csv'
2018-07-31 13:19:21: 新建复制 'gdrive://www.googleapis.com/Other/vue-webpack/static/csv/content_release_data.csv' -> 'D:/vue-webpack/static/csv/content_release_data.csv'
2018-07-31 13:19:22: 新建复制 'gdrive://www.googleapis.com/Other/vue-webpack/static/csv/cooperation_quest_data.csv' -> 'D:/vue-webpack/static/csv/cooperation_quest_data.csv'
2018-07-31 13:19:24: 新建复制 'gdrive://www.googleapis.com/Other/vue-webpack/static/csv/daily_mission_data.csv' -> 'D:/vue-webpack/static/csv/daily_mission_data.csv'
2018-07-31 13:19:29: 新建复制 'gdrive://www.googleapis.com/Other/vue-webpack/static/csv/dungeon_area_data.csv' -> 'D:/vue-webpack/static/csv/dungeon_area_data.csv'
2018-07-31 13:19:30: 新建复制 'gdrive://www.googleapis.com/Other/vue-webpack/static/csv/dungeon_quest_data.csv' -> 'D:/vue-webpack/static/csv/dungeon_quest_data.csv'
2018-07-31 13:19:32: 新建复制 'gdrive://www.googleapis.com/Other/vue-webpack/static/csv/enemy_parameter.csv' -> 'D:/vue-webpack/static/csv/enemy_parameter.csv'
2018-07-31 13:19:34: 新建复制 'gdrive://www.googleapis.com/Other/vue-webpack/static/csv/enemy_reward_data.csv' -> 'D:/vue-webpack/static/csv/enemy_reward_data.csv'
2018-07-31 13:19:35: 新建复制 'gdrive://www.googleapis.com/Other/vue-webpack/static/csv/equipment_craft.csv' -> 'D:/vue-webpack/static/csv/equipment_craft.csv'
2018-07-31 13:19:37: 新建复制 'gdrive://www.googleapis.com/Other/vue-webpack/static/csv/equipment_data.csv' -> 'D:/vue-webpack/static/csv/equipment_data.csv'
2018-07-31 13:19:38: 新建复制 'gdrive://www.googleapis.com/Other/vue-webpack/static/csv/equipment_donation.csv' -> 'D:/vue-webpack/static/csv/equipment_donation.csv'
2018-07-31 13:19:40: 新建复制 'gdrive://www.googleapis.com/Other/vue-webpack/static/csv/equipment_enhance_data.csv' -> 'D:/vue-webpack/static/csv/equipment_enhance_data.csv'
2018-07-31 13:19:42: 新建复制 'gdrive://www.googleapis.com/Other/vue-webpack/static/csv/equipment_enhance_rate.csv' -> 'D:/vue-webpack/static/csv/equipment_enhance_rate.csv'
2018-07-31 13:19:43: 新建复制 'gdrive://www.googleapis.com/Other/vue-webpack/static/csv/event_bg_data.csv' -> 'D:/vue-webpack/static/csv/event_bg_data.csv'
2018-07-31 13:19:45: 新建复制 'gdrive://www.googleapis.com/Other/vue-webpack/static/csv/event_boss_treasure_box.csv' -> 'D:/vue-webpack/static/csv/event_boss_treasure_box.csv'
2018-07-31 13:19:46: 新建复制 'gdrive://www.googleapis.com/Other/vue-webpack/static/csv/event_boss_treasure_content.csv' -> 'D:/vue-webpack/static/csv/event_boss_treasure_content.csv'
2018-07-31 13:19:48: 新建复制 'gdrive://www.googleapis.com/Other/vue-webpack/static/csv/event_enemy_parameter.csv' -> 'D:/vue-webpack/static/csv/event_enemy_parameter.csv'
2018-07-31 13:19:49: 新建复制 'gdrive://www.googleapis.com/Other/vue-webpack/static/csv/event_enemy_reward_group.csv' -> 'D:/vue-webpack/static/csv/event_enemy_reward_group.csv'
2018-07-31 13:19:51: 新建复制 'gdrive://www.googleapis.com/Other/vue-webpack/static/csv/event_gacha_data.csv' -> 'D:/vue-webpack/static/csv/event_gacha_data.csv'
2018-07-31 13:19:53: 新建复制 'gdrive://www.googleapis.com/Other/vue-webpack/static/csv/event_introduction.csv' -> 'D:/vue-webpack/static/csv/event_introduction.csv'
2018-07-31 13:19:54: 新建复制 'gdrive://www.googleapis.com/Other/vue-webpack/static/csv/event_navi_comment.csv' -> 'D:/vue-webpack/static/csv/event_navi_comment.csv'
2018-07-31 13:19:55: 新建复制 'gdrive://www.googleapis.com/Other/vue-webpack/static/csv/event_navi_comment_condition.csv' -> 'D:/vue-webpack/static/csv/event_navi_comment_condition.csv'
2018-07-31 13:19:56: 新建复制 'gdrive://www.googleapis.com/Other/vue-webpack/static/csv/event_story_data.csv' -> 'D:/vue-webpack/static/csv/event_story_data.csv'
2018-07-31 13:19:58: 新建复制 'gdrive://www.googleapis.com/Other/vue-webpack/static/csv/event_story_detail.csv' -> 'D:/vue-webpack/static/csv/event_story_detail.csv'
2018-07-31 13:20:00: 新建复制 'gdrive://www.googleapis.com/Other/vue-webpack/static/csv/event_top_adv.csv' -> 'D:/vue-webpack/static/csv/event_top_adv.csv'
2018-07-31 13:20:02: 新建复制 'gdrive://www.googleapis.com/Other/vue-webpack/static/csv/event_wave_group_data.csv' -> 'D:/vue-webpack/static/csv/event_wave_group_data.csv'
2018-07-31 13:20:03: 新建复制 'gdrive://www.googleapis.com/Other/vue-webpack/static/csv/experience_team.csv' -> 'D:/vue-webpack/static/csv/experience_team.csv'
2018-07-31 13:20:04: 新建复制 'gdrive://www.googleapis.com/Other/vue-webpack/static/csv/experience_unit.csv' -> 'D:/vue-webpack/static/csv/experience_unit.csv'
2018-07-31 13:20:06: 新建复制 'gdrive://www.googleapis.com/Other/vue-webpack/static/csv/gacha_data.csv' -> 'D:/vue-webpack/static/csv/gacha_data.csv'
2018-07-31 13:20:07: 新建复制 'gdrive://www.googleapis.com/Other/vue-webpack/static/csv/gift_message.csv' -> 'D:/vue-webpack/static/csv/gift_message.csv'
2018-07-31 13:20:08: 新建复制 'gdrive://www.googleapis.com/Other/vue-webpack/static/csv/goldset_data.csv' -> 'D:/vue-webpack/static/csv/goldset_data.csv'
2018-07-31 13:20:09: 新建复制 'gdrive://www.googleapis.com/Other/vue-webpack/static/csv/goldset_data_teamlevel.csv' -> 'D:/vue-webpack/static/csv/goldset_data_teamlevel.csv'
2018-07-31 13:20:11: 新建复制 'gdrive://www.googleapis.com/Other/vue-webpack/static/csv/grand_arena_daily_rank_reward.csv' -> 'D:/vue-webpack/static/csv/grand_arena_daily_rank_reward.csv'
2018-07-31 13:20:12: 新建复制 'gdrive://www.googleapis.com/Other/vue-webpack/static/csv/grand_arena_defence_reward.csv' -> 'D:/vue-webpack/static/csv/grand_arena_defence_reward.csv'
2018-07-31 13:20:13: 新建复制 'gdrive://www.googleapis.com/Other/vue-webpack/static/csv/grand_arena_max_rank_reward.csv' -> 'D:/vue-webpack/static/csv/grand_arena_max_rank_reward.csv'
2018-07-31 13:20:14: 新建复制 'gdrive://www.googleapis.com/Other/vue-webpack/static/csv/guild.csv' -> 'D:/vue-webpack/static/csv/guild.csv'
2018-07-31 13:20:17: 新建复制 'gdrive://www.googleapis.com/Other/vue-webpack/static/csv/hatsune_boss.csv' -> 'D:/vue-webpack/static/csv/hatsune_boss.csv'
2018-07-31 13:20:19: 新建复制 'gdrive://www.googleapis.com/Other/vue-webpack/static/csv/hatsune_boss_condition.csv' -> 'D:/vue-webpack/static/csv/hatsune_boss_condition.csv'
2018-07-31 13:20:20: 新建复制 'gdrive://www.googleapis.com/Other/vue-webpack/static/csv/hatsune_daily_mission_data.csv' -> 'D:/vue-webpack/static/csv/hatsune_daily_mission_data.csv'
2018-07-31 13:20:21: 新建复制 'gdrive://www.googleapis.com/Other/vue-webpack/static/csv/hatsune_description.csv' -> 'D:/vue-webpack/static/csv/hatsune_description.csv'
2018-07-31 13:20:22: 新建复制 'gdrive://www.googleapis.com/Other/vue-webpack/static/csv/hatsune_item.csv' -> 'D:/vue-webpack/static/csv/hatsune_item.csv'
2018-07-31 13:20:30: 新建复制 'gdrive://www.googleapis.com/Other/vue-webpack/static/csv/hatsune_map.csv' -> 'D:/vue-webpack/static/csv/hatsune_map.csv'
2018-07-31 13:20:31: 新建复制 'gdrive://www.googleapis.com/Other/vue-webpack/static/csv/hatsune_mission_reward_data.csv' -> 'D:/vue-webpack/static/csv/hatsune_mission_reward_data.csv'
2018-07-31 13:20:32: 新建复制 'gdrive://www.googleapis.com/Other/vue-webpack/static/csv/hatsune_quest.csv' -> 'D:/vue-webpack/static/csv/hatsune_quest.csv'
2018-07-31 13:20:33: 新建复制 'gdrive://www.googleapis.com/Other/vue-webpack/static/csv/hatsune_quest_area.csv' -> 'D:/vue-webpack/static/csv/hatsune_quest_area.csv'
2018-07-31 13:20:35: 新建复制 'gdrive://www.googleapis.com/Other/vue-webpack/static/csv/hatsune_quest_condition.csv' -> 'D:/vue-webpack/static/csv/hatsune_quest_condition.csv'
2018-07-31 13:20:37: 新建复制 'gdrive://www.googleapis.com/Other/vue-webpack/static/csv/hatsune_schedule.csv' -> 'D:/vue-webpack/static/csv/hatsune_schedule.csv'
2018-07-31 13:20:38: 新建复制 'gdrive://www.googleapis.com/Other/vue-webpack/static/csv/hatsune_stationary_mission_data.csv' -> 'D:/vue-webpack/static/csv/hatsune_stationary_mission_data.csv'
2018-07-31 13:20:39: 新建复制 'gdrive://www.googleapis.com/Other/vue-webpack/static/csv/hatsune_unlock_story_condition.csv' -> 'D:/vue-webpack/static/csv/hatsune_unlock_story_condition.csv'
2018-07-31 13:20:41: 新建复制 'gdrive://www.googleapis.com/Other/vue-webpack/static/csv/hatsune_unlock_unit_condition.csv' -> 'D:/vue-webpack/static/csv/hatsune_unlock_unit_condition.csv'
2018-07-31 13:20:42: 新建复制 'gdrive://www.googleapis.com/Other/vue-webpack/static/csv/item_data.csv' -> 'D:/vue-webpack/static/csv/item_data.csv'
2018-07-31 13:20:43: 新建复制 'gdrive://www.googleapis.com/Other/vue-webpack/static/csv/login_bonus_data.csv' -> 'D:/vue-webpack/static/csv/login_bonus_data.csv'
2018-07-31 13:20:45: 新建复制 'gdrive://www.googleapis.com/Other/vue-webpack/static/csv/login_bonus_detail.csv' -> 'D:/vue-webpack/static/csv/login_bonus_detail.csv'
2018-07-31 13:20:46: 新建复制 'gdrive://www.googleapis.com/Other/vue-webpack/static/csv/love_chara.csv' -> 'D:/vue-webpack/static/csv/love_chara.csv'
2018-07-31 13:20:47: 新建复制 'gdrive://www.googleapis.com/Other/vue-webpack/static/csv/mission_reward_data.csv' -> 'D:/vue-webpack/static/csv/mission_reward_data.csv'
2018-07-31 13:20:49: 新建复制 'gdrive://www.googleapis.com/Other/vue-webpack/static/csv/movie.csv' -> 'D:/vue-webpack/static/csv/movie.csv'
2018-07-31 13:20:50: 新建复制 'gdrive://www.googleapis.com/Other/vue-webpack/static/csv/navi_comment.csv' -> 'D:/vue-webpack/static/csv/navi_comment.csv'
2018-07-31 13:20:52: 新建复制 'gdrive://www.googleapis.com/Other/vue-webpack/static/csv/odds_name_data.csv' -> 'D:/vue-webpack/static/csv/odds_name_data.csv'
2018-07-31 13:20:53: 新建复制 'gdrive://www.googleapis.com/Other/vue-webpack/static/csv/position_setting.csv' -> 'D:/vue-webpack/static/csv/position_setting.csv'
2018-07-31 13:20:54: 新建复制 'gdrive://www.googleapis.com/Other/vue-webpack/static/csv/quest_area_data.csv' -> 'D:/vue-webpack/static/csv/quest_area_data.csv'
2018-07-31 13:20:56: 新建复制 'gdrive://www.googleapis.com/Other/vue-webpack/static/csv/quest_condition_data.csv' -> 'D:/vue-webpack/static/csv/quest_condition_data.csv'
2018-07-31 13:20:57: 新建复制 'gdrive://www.googleapis.com/Other/vue-webpack/static/csv/quest_data.csv' -> 'D:/vue-webpack/static/csv/quest_data.csv'
2018-07-31 13:20:58: 新建复制 'gdrive://www.googleapis.com/Other/vue-webpack/static/csv/quest_defeat_notice.csv' -> 'D:/vue-webpack/static/csv/quest_defeat_notice.csv'
2018-07-31 13:21:00: 新建复制 'gdrive://www.googleapis.com/Other/vue-webpack/static/csv/quest_reward_data.csv' -> 'D:/vue-webpack/static/csv/quest_reward_data.csv'
2018-07-31 13:21:01: 新建复制 'gdrive://www.googleapis.com/Other/vue-webpack/static/csv/resist_data.csv' -> 'D:/vue-webpack/static/csv/resist_data.csv'
2018-07-31 13:21:02: 新建复制 'gdrive://www.googleapis.com/Other/vue-webpack/static/csv/reward_collect_guide.csv' -> 'D:/vue-webpack/static/csv/reward_collect_guide.csv'
2018-07-31 13:21:04: 新建复制 'gdrive://www.googleapis.com/Other/vue-webpack/static/csv/room_change.csv' -> 'D:/vue-webpack/static/csv/room_change.csv'
2018-07-31 13:21:05: 新建复制 'gdrive://www.googleapis.com/Other/vue-webpack/static/csv/room_character_personality.csv' -> 'D:/vue-webpack/static/csv/room_character_personality.csv'
2018-07-31 13:21:07: 新建复制 'gdrive://www.googleapis.com/Other/vue-webpack/static/csv/room_chat_formation.csv' -> 'D:/vue-webpack/static/csv/room_chat_formation.csv'
2018-07-31 13:21:08: 新建复制 'gdrive://www.googleapis.com/Other/vue-webpack/static/csv/room_chat_info.csv' -> 'D:/vue-webpack/static/csv/room_chat_info.csv'
2018-07-31 13:21:09: 新建复制 'gdrive://www.googleapis.com/Other/vue-webpack/static/csv/room_chat_scenario.csv' -> 'D:/vue-webpack/static/csv/room_chat_scenario.csv'
2018-07-31 13:21:10: 新建复制 'gdrive://www.googleapis.com/Other/vue-webpack/static/csv/room_effect.csv' -> 'D:/vue-webpack/static/csv/room_effect.csv'
2018-07-31 13:21:12: 新建复制 'gdrive://www.googleapis.com/Other/vue-webpack/static/csv/room_effect_reward_get.csv' -> 'D:/vue-webpack/static/csv/room_effect_reward_get.csv'
2018-07-31 13:21:13: 新建复制 'gdrive://www.googleapis.com/Other/vue-webpack/static/csv/room_emotion_icon.csv' -> 'D:/vue-webpack/static/csv/room_emotion_icon.csv'
2018-07-31 13:21:14: 新建复制 'gdrive://www.googleapis.com/Other/vue-webpack/static/csv/room_item.csv' -> 'D:/vue-webpack/static/csv/room_item.csv'
2018-07-31 13:21:15: 新建复制 'gdrive://www.googleapis.com/Other/vue-webpack/static/csv/room_item_announcement.csv' -> 'D:/vue-webpack/static/csv/room_item_announcement.csv'
2018-07-31 13:21:17: 新建复制 'gdrive://www.googleapis.com/Other/vue-webpack/static/csv/room_item_detail.csv' -> 'D:/vue-webpack/static/csv/room_item_detail.csv'
2018-07-31 13:21:18: 新建复制 'gdrive://www.googleapis.com/Other/vue-webpack/static/csv/room_release_data.csv' -> 'D:/vue-webpack/static/csv/room_release_data.csv'
2018-07-31 13:21:19: 新建复制 'gdrive://www.googleapis.com/Other/vue-webpack/static/csv/room_setup.csv' -> 'D:/vue-webpack/static/csv/room_setup.csv'
2018-07-31 13:21:21: 新建复制 'gdrive://www.googleapis.com/Other/vue-webpack/static/csv/room_unit_comments.csv' -> 'D:/vue-webpack/static/csv/room_unit_comments.csv'
2018-07-31 13:21:23: 新建复制 'gdrive://www.googleapis.com/Other/vue-webpack/static/csv/season_pack.csv' -> 'D:/vue-webpack/static/csv/season_pack.csv'
2018-07-31 13:21:24: 新建复制 'gdrive://www.googleapis.com/Other/vue-webpack/static/csv/shop_static_price_group.csv' -> 'D:/vue-webpack/static/csv/shop_static_price_group.csv'
2018-07-31 13:21:26: 新建复制 'gdrive://www.googleapis.com/Other/vue-webpack/static/csv/skill_action.csv' -> 'D:/vue-webpack/static/csv/skill_action.csv'
2018-07-31 13:21:27: 新建复制 'gdrive://www.googleapis.com/Other/vue-webpack/static/csv/skill_cost.csv' -> 'D:/vue-webpack/static/csv/skill_cost.csv'
2018-07-31 13:21:29: 新建复制 'gdrive://www.googleapis.com/Other/vue-webpack/static/csv/skill_data.csv' -> 'D:/vue-webpack/static/csv/skill_data.csv'
2018-07-31 13:21:30: 新建复制 'gdrive://www.googleapis.com/Other/vue-webpack/static/csv/skip_monster_data.csv' -> 'D:/vue-webpack/static/csv/skip_monster_data.csv'
2018-07-31 13:21:31: 新建复制 'gdrive://www.googleapis.com/Other/vue-webpack/static/csv/sqlite_stat1.csv' -> 'D:/vue-webpack/static/csv/sqlite_stat1.csv'
2018-07-31 13:21:33: 新建复制 'gdrive://www.googleapis.com/Other/vue-webpack/static/csv/stamp.csv' -> 'D:/vue-webpack/static/csv/stamp.csv'
2018-07-31 13:21:34: 新建复制 'gdrive://www.googleapis.com/Other/vue-webpack/static/csv/stationary_mission_data.csv' -> 'D:/vue-webpack/static/csv/stationary_mission_data.csv'
2018-07-31 13:21:35: 新建复制 'gdrive://www.googleapis.com/Other/vue-webpack/static/csv/still.csv' -> 'D:/vue-webpack/static/csv/still.csv'
2018-07-31 13:21:37: 新建复制 'gdrive://www.googleapis.com/Other/vue-webpack/static/csv/story_character_mask.csv' -> 'D:/vue-webpack/static/csv/story_character_mask.csv'
2018-07-31 13:21:39: 新建复制 'gdrive://www.googleapis.com/Other/vue-webpack/static/csv/story_data.csv' -> 'D:/vue-webpack/static/csv/story_data.csv'
2018-07-31 13:21:40: 新建复制 'gdrive://www.googleapis.com/Other/vue-webpack/static/csv/story_detail.csv' -> 'D:/vue-webpack/static/csv/story_detail.csv'
2018-07-31 13:21:41: 新建复制 'gdrive://www.googleapis.com/Other/vue-webpack/static/csv/story_quest_data.csv' -> 'D:/vue-webpack/static/csv/story_quest_data.csv'
2018-07-31 13:21:43: 新建复制 'gdrive://www.googleapis.com/Other/vue-webpack/static/csv/tips.csv' -> 'D:/vue-webpack/static/csv/tips.csv'
2018-07-31 13:21:45: 新建复制 'gdrive://www.googleapis.com/Other/vue-webpack/static/csv/training_quest_data.csv' -> 'D:/vue-webpack/static/csv/training_quest_data.csv'
2018-07-31 13:21:47: 新建复制 'gdrive://www.googleapis.com/Other/vue-webpack/static/csv/unit_attack_pattern.csv' -> 'D:/vue-webpack/static/csv/unit_attack_pattern.csv'
2018-07-31 13:21:49: 新建复制 'gdrive://www.googleapis.com/Other/vue-webpack/static/csv/unit_background.csv' -> 'D:/vue-webpack/static/csv/unit_background.csv'
2018-07-31 13:21:51: 新建复制 'gdrive://www.googleapis.com/Other/vue-webpack/static/csv/unit_comments.csv' -> 'D:/vue-webpack/static/csv/unit_comments.csv'
2018-07-31 13:21:52: 新建复制 'gdrive://www.googleapis.com/Other/vue-webpack/static/csv/unit_data.csv' -> 'D:/vue-webpack/static/csv/unit_data.csv'
2018-07-31 13:21:54: 新建复制 'gdrive://www.googleapis.com/Other/vue-webpack/static/csv/unit_enemy_data.csv' -> 'D:/vue-webpack/static/csv/unit_enemy_data.csv'
2018-07-31 13:21:55: 新建复制 'gdrive://www.googleapis.com/Other/vue-webpack/static/csv/unit_introduction.csv' -> 'D:/vue-webpack/static/csv/unit_introduction.csv'
2018-07-31 13:21:56: 新建复制 'gdrive://www.googleapis.com/Other/vue-webpack/static/csv/unit_motion_list.csv' -> 'D:/vue-webpack/static/csv/unit_motion_list.csv'
2018-07-31 13:21:57: 新建复制 'gdrive://www.googleapis.com/Other/vue-webpack/static/csv/unit_mypage_pos.csv' -> 'D:/vue-webpack/static/csv/unit_mypage_pos.csv'
2018-07-31 13:21:59: 新建复制 'gdrive://www.googleapis.com/Other/vue-webpack/static/csv/unit_profile.csv' -> 'D:/vue-webpack/static/csv/unit_profile.csv'
2018-07-31 13:22:00: 新建复制 'gdrive://www.googleapis.com/Other/vue-webpack/static/csv/unit_promotion.csv' -> 'D:/vue-webpack/static/csv/unit_promotion.csv'
2018-07-31 13:22:01: 新建复制 'gdrive://www.googleapis.com/Other/vue-webpack/static/csv/unit_promotion_status.csv' -> 'D:/vue-webpack/static/csv/unit_promotion_status.csv'
2018-07-31 13:22:03: 新建复制 'gdrive://www.googleapis.com/Other/vue-webpack/static/csv/unit_rarity.csv' -> 'D:/vue-webpack/static/csv/unit_rarity.csv'
2018-07-31 13:22:04: 新建复制 'gdrive://www.googleapis.com/Other/vue-webpack/static/csv/unit_skill_data.csv' -> 'D:/vue-webpack/static/csv/unit_skill_data.csv'
2018-07-31 13:22:06: 新建复制 'gdrive://www.googleapis.com/Other/vue-webpack/static/csv/unit_status_coefficient.csv' -> 'D:/vue-webpack/static/csv/unit_status_coefficient.csv'
2018-07-31 13:22:08: 新建复制 'gdrive://www.googleapis.com/Other/vue-webpack/static/csv/unlock_skill_data.csv' -> 'D:/vue-webpack/static/csv/unlock_skill_data.csv'
2018-07-31 13:22:09: 新建复制 'gdrive://www.googleapis.com/Other/vue-webpack/static/csv/unlock_unit_condition.csv' -> 'D:/vue-webpack/static/csv/unlock_unit_condition.csv'
2018-07-31 13:22:10: 新建复制 'gdrive://www.googleapis.com/Other/vue-webpack/static/csv/wave_group_data.csv' -> 'D:/vue-webpack/static/csv/wave_group_data.csv'
2018-07-31 13:22:15: 新建复制 'gdrive://www.googleapis.com/Other/vue-webpack/static/csv/worldmap.csv' -> 'D:/vue-webpack/static/csv/worldmap.csv'
2018-07-31 13:22:18: 新建复制 'D:/vue-webpack/static/img/bg/bg_101171.png' -> 'gdrive://www.googleapis.com/Other/vue-webpack/static/img/bg/bg_101171.png'
2018-07-31 13:22:22: 新建复制 'D:/vue-webpack/static/img/bg/bg_500284.png' -> 'gdrive://www.googleapis.com/Other/vue-webpack/static/img/bg/bg_500284.png'
2018-07-31 13:22:26: 新建复制 'D:/vue-webpack/static/img/icondungeon/AtlasDungeon_31001.png' -> 'gdrive://www.googleapis.com/Other/vue-webpack/static/img/icondungeon/AtlasDungeon_31001.png'
2018-07-31 13:22:29: 新建复制 'D:/vue-webpack/static/img/icondungeon/AtlasDungeon_31002.png' -> 'gdrive://www.googleapis.com/Other/vue-webpack/static/img/icondungeon/AtlasDungeon_31002.png'
2018-07-31 13:22:32: 新建复制 'D:/vue-webpack/static/img/icondungeon/AtlasDungeon_31003.png' -> 'gdrive://www.googleapis.com/Other/vue-webpack/static/img/icondungeon/AtlasDungeon_31003.png'
2018-07-31 13:22:38: Stop requested by Stop By User: #1
2018-07-31 13:22:38: copying mod time: stopped by Stop By User
2018-07-31 13:22:38: Cannot get file info after Sync: stopped by Stop By User
2018-07-31 13:22:38: 新建复制 'D:/vue-webpack/static/img/icondungeon/AtlasDungeon_31004.png' -> 'gdrive://www.googleapis.com/Other/vue-webpack/static/img/icondungeon/AtlasDungeon_31004.png'
- 错误: Cannot get file info after Sync: stopped by Stop By User
2018-07-31 13:22:42: stopped by Stop By User
2018-07-31 13:22:42: 
